<?xml version="1.0" encoding="UTF-8" ?>
<testsuite tests="1" failures="0" name="net.trustie.modeltest.CsdnBlogsTest" time="0.835" errors="1" skipped="0">
  <properties>
[...]
</properties>
  <testcase classname="net.trustie.modeltest.CsdnBlogsTest" name="TestForCNblogsQModel" time="0.835">
    <error type="java.lang.NullPointerException">java.lang.NullPointerException
	at net.trustie.core.GetPage.getPageFromInternet(GetPage.java:72)
	at net.trustie.core.GetPage.getPagesFromInternet(GetPage.java:86)
	at net.trustie.modeltest.CsdnBlogsTest.TestForCNblogsQModel(CsdnBlogsTest.java:27)
	at sun.reflect.NativeMethodAccessorImpl.invoke0(Native Method)
	at sun.reflect.NativeMethodAccessorImpl.invoke(NativeMethodAccessorImpl.java:62)
	at sun.reflect.DelegatingMethodAccessorImpl.invoke(DelegatingMethodAccessorImpl.java:43)
	at java.lang.reflect.Method.invoke(Method.java:483)
	at org.junit.runners.model.FrameworkMethod$1.runReflectiveCall(FrameworkMethod.java:45)
	at org.junit.internal.runners.model.ReflectiveCallable.run(ReflectiveCallable.java:15)
	at org.junit.runners.model.FrameworkMethod.invokeExplosively(FrameworkMethod.java:42)
	at org.junit.internal.runners.statements.InvokeMethod.evaluate(InvokeMethod.java:20)
	at org.junit.runners.ParentRunner.runLeaf(ParentRunner.java:263)
	at org.junit.runners.BlockJUnit4ClassRunner.runChild(BlockJUnit4ClassRunner.java:68)
	at org.junit.runners.BlockJUnit4ClassRunner.runChild(BlockJUnit4ClassRunner.java:47)
	at org.junit.runners.ParentRunner$3.run(ParentRunner.java:231)
	at org.junit.runners.ParentRunner$1.schedule(ParentRunner.java:60)
	at org.junit.runners.ParentRunner.runChildren(ParentRunner.java:229)
	at org.junit.runners.ParentRunner.access$000(ParentRunner.java:50)
	at org.junit.runners.ParentRunner$2.evaluate(ParentRunner.java:222)
	at org.junit.runners.ParentRunner.run(ParentRunner.java:300)
	at org.apache.maven.surefire.junit4.JUnit4Provider.execute(JUnit4Provider.java:252)
	at org.apache.maven.surefire.junit4.JUnit4Provider.executeTestSet(JUnit4Provider.java:141)
	at org.apache.maven.surefire.junit4.JUnit4Provider.invoke(JUnit4Provider.java:112)
	at sun.reflect.NativeMethodAccessorImpl.invoke0(Native Method)
	at sun.reflect.NativeMethodAccessorImpl.invoke(NativeMethodAccessorImpl.java:62)
	at sun.reflect.DelegatingMethodAccessorImpl.invoke(DelegatingMethodAccessorImpl.java:43)
	at java.lang.reflect.Method.invoke(Method.java:483)
	at org.apache.maven.surefire.util.ReflectionUtils.invokeMethodWithArray(ReflectionUtils.java:189)
	at org.apache.maven.surefire.booter.ProviderFactory$ProviderProxy.invoke(ProviderFactory.java:165)
	at org.apache.maven.surefire.booter.ProviderFactory.invokeProvider(ProviderFactory.java:85)
	at org.apache.maven.surefire.booter.ForkedBooter.runSuitesInProcess(ForkedBooter.java:115)
	at org.apache.maven.surefire.booter.ForkedBooter.main(ForkedBooter.java:75)
</error>
    <system-out>15-01-26 19:56:48,279 INFO  us.codecraft.webmagic.downloader.HttpClientDownloader(HttpClientDownloader.java:87) ## downloading page http://blog.csdn.net/helloboat/article/details/42418085
15-01-26 19:56:48,898 INFO  us.codecraft.webmagic.downloader.HttpClientDownloader(HttpClientDownloader.java:87) ## downloading page http://blog.csdn.net/luoye7422/article/details/42322017
15-01-26 19:56:49,401 WARN  us.codecraft.webmagic.downloader.HttpClientDownloader(HttpClientDownloader.java:100) ## code error 404	http://blog.csdn.net/luoye7422/article/details/42322017
</system-out>
  </testcase>
</testsuite>